[2026-01-01T23:47:14.933+0000] {local_task_job_runner.py:120} INFO - ::group::Pre task execution logs
[2026-01-01T23:47:14.965+0000] {taskinstance.py:2076} INFO - Dependencies all met for dep_context=non-requeueable deps ti=<TaskInstance: clima_visual_crossing_csv.extrair_clima_csv scheduled__2025-12-31T20:50:00+00:00 [queued]>
[2026-01-01T23:47:14.975+0000] {taskinstance.py:2076} INFO - Dependencies all met for dep_context=requeueable deps ti=<TaskInstance: clima_visual_crossing_csv.extrair_clima_csv scheduled__2025-12-31T20:50:00+00:00 [queued]>
[2026-01-01T23:47:14.979+0000] {taskinstance.py:2306} INFO - Starting attempt 1 of 1
[2026-01-01T23:47:15.002+0000] {taskinstance.py:2330} INFO - Executing <Task(PythonOperator): extrair_clima_csv> on 2025-12-31 20:50:00+00:00
[2026-01-01T23:47:15.033+0000] {logging_mixin.py:188} WARNING - /home/***/.local/lib/python3.12/site-packages/***/task/task_runner/standard_task_runner.py:62 DeprecationWarning: This process (pid=986) is multi-threaded, use of fork() may lead to deadlocks in the child.
[2026-01-01T23:47:15.023+0000] {standard_task_runner.py:90} INFO - Running: ['***', 'tasks', 'run', 'clima_visual_crossing_csv', 'extrair_clima_csv', 'scheduled__2025-12-31T20:50:00+00:00', '--job-id', '7', '--raw', '--subdir', 'DAGS_FOLDER/clima.py', '--cfg-path', '/tmp/tmp2kloxs3h']
[2026-01-01T23:47:15.038+0000] {standard_task_runner.py:64} INFO - Started process 987 to run task
[2026-01-01T23:47:15.039+0000] {standard_task_runner.py:91} INFO - Job 7: Subtask extrair_clima_csv
[2026-01-01T23:47:15.181+0000] {task_command.py:426} INFO - Running <TaskInstance: clima_visual_crossing_csv.extrair_clima_csv scheduled__2025-12-31T20:50:00+00:00 [running]> on host 5aef474e8238
[2026-01-01T23:47:15.304+0000] {taskinstance.py:2648} INFO - Exporting env vars: AIRFLOW_CTX_DAG_OWNER='***' AIRFLOW_CTX_DAG_ID='clima_visual_crossing_csv' AIRFLOW_CTX_TASK_ID='extrair_clima_csv' AIRFLOW_CTX_EXECUTION_DATE='2025-12-31T20:50:00+00:00' AIRFLOW_CTX_TRY_NUMBER='1' AIRFLOW_CTX_DAG_RUN_ID='scheduled__2025-12-31T20:50:00+00:00'
[2026-01-01T23:47:15.306+0000] {taskinstance.py:430} INFO - ::endgroup::
[2026-01-01T23:47:15.333+0000] {taskinstance.py:441} INFO - ::group::Post task execution logs
[2026-01-01T23:47:15.335+0000] {taskinstance.py:2905} ERROR - Task failed with exception
Traceback (most recent call last):
  File "/home/airflow/.local/lib/python3.12/site-packages/airflow/models/taskinstance.py", line 465, in _execute_task
    result = _execute_callable(context=context, **execute_callable_kwargs)
             ^^^^^^^^^^^^^^^^^^^^^^^^^^^^^^^^^^^^^^^^^^^^^^^^^^^^^^^^^^^^^
  File "/home/airflow/.local/lib/python3.12/site-packages/airflow/models/taskinstance.py", line 432, in _execute_callable
    return execute_callable(context=context, **execute_callable_kwargs)
           ^^^^^^^^^^^^^^^^^^^^^^^^^^^^^^^^^^^^^^^^^^^^^^^^^^^^^^^^^^^^
  File "/home/airflow/.local/lib/python3.12/site-packages/airflow/models/baseoperator.py", line 401, in wrapper
    return func(self, *args, **kwargs)
           ^^^^^^^^^^^^^^^^^^^^^^^^^^^
  File "/home/airflow/.local/lib/python3.12/site-packages/airflow/operators/python.py", line 235, in execute
    return_value = self.execute_callable()
                   ^^^^^^^^^^^^^^^^^^^^^^^
  File "/home/airflow/.local/lib/python3.12/site-packages/airflow/operators/python.py", line 252, in execute_callable
    return self.python_callable(*self.op_args, **self.op_kwargs)
           ^^^^^^^^^^^^^^^^^^^^^^^^^^^^^^^^^^^^^^^^^^^^^^^^^^^^^
  File "/opt/airflow/dags/clima.py", line 21, in extrair_clima_csv
    api_key = Variable.get("VISUAL_CROSSING_API_KEY")
              ^^^^^^^^^^^^^^^^^^^^^^^^^^^^^^^^^^^^^^^
  File "/home/airflow/.local/lib/python3.12/site-packages/airflow/models/variable.py", line 143, in get
    raise KeyError(f"Variable {key} does not exist")
KeyError: 'Variable VISUAL_CROSSING_API_KEY does not exist'
[2026-01-01T23:47:15.359+0000] {taskinstance.py:1206} INFO - Marking task as FAILED. dag_id=clima_visual_crossing_csv, task_id=extrair_clima_csv, run_id=scheduled__2025-12-31T20:50:00+00:00, execution_date=20251231T205000, start_date=20260101T234714, end_date=20260101T234715
[2026-01-01T23:47:15.374+0000] {standard_task_runner.py:110} ERROR - Failed to execute job 7 for task extrair_clima_csv ('Variable VISUAL_CROSSING_API_KEY does not exist'; 987)
[2026-01-01T23:47:15.421+0000] {local_task_job_runner.py:243} INFO - Task exited with return code 1
[2026-01-01T23:47:15.453+0000] {taskinstance.py:3503} INFO - 0 downstream tasks scheduled from follow-on schedule check
[2026-01-01T23:47:15.466+0000] {local_task_job_runner.py:222} INFO - ::endgroup::
